#
# A fatal error has been detected by the Java Runtime Environment:
#
#  EXCEPTION_ACCESS_VIOLATION (0xc0000005) at pc=0x000000006bd3088b, pid=6956, tid=0x0000000000001340
#
# JRE version: OpenJDK Runtime Environment (8.0_202-b03) (build 1.8.0_202-release-1483-b03)
# Java VM: OpenJDK 64-Bit Server VM (25.202-b03 mixed mode windows-amd64 compressed oops)
# Problematic frame:
# V  [jvm.dll+0x49088b]
#
# Failed to write core dump. Minidumps are not enabled by default on client versions of Windows
#
# If you would like to submit a bug report, please visit:
#   http://bugreport.java.com/bugreport/crash.jsp
#

---------------  T H R E A D  ---------------

Current thread (0x00000000561f7800):  JavaThread "C2 CompilerThread1" daemon [_thread_in_native, id=4928, stack(0x0000000057ff0000,0x00000000580f0000)]

siginfo: ExceptionCode=0xc0000005, reading address 0x000000025edba018

Registers:
RAX=0x0000000000000002, RBX=0x0000000000000acc, RCX=0x0000000000008000, RDX=0x0000000000008000
RSP=0x00000000580eb820, RBP=0x00000000580ebd20, RSI=0x00000000580ebd40, RDI=0x000000025edba000
R8 =0x000000005ebea890, R9 =0x0000000000000000, R10=0x48f3f774fcf8211f, R11=0x0000000000000000
R12=0x00000000580eb8c8, R13=0x00000000580eb938, R14=0x000000005fb1c4d0, R15=0x0000000000000000
RIP=0x000000006bd3088b, EFLAGS=0x0000000000010287

Top of Stack: (sp=0x00000000580eb820)
0x00000000580eb820:   000000005fb1aec8 0000000000000010
0x00000000580eb830:   00000000580eb8e8 00000000580eb8c8
0x00000000580eb840:   000000005c4daec0 00000000561ef970
0x00000000580eb850:   0000000000000001 0000000000000002
0x00000000580eb860:   000000005bfd1c00 000000005cd62ed0
0x00000000580eb870:   00000000561ef970 00000000580ebd20
0x00000000580eb880:   00000000580eb990 000000006bd32a9b
0x00000000580eb890:   00000000580ebd20 00000000580eb8e8
0x00000000580eb8a0:   0000000000000002 00000000580eb938
0x00000000580eb8b0:   000000005cd62f20 000000005cd6aeb8
0x00000000580eb8c0:   0000000000289a28 00000000561ef970
0x00000000580eb8d0:   0000000000000200 000000005e108fe0
0x00000000580eb8e0:   000000000000016f 000000006bedb358
0x00000000580eb8f0:   00000000561ef970 0000000000000200
0x00000000580eb900:   000000005e109fe0 0000000000000001
0x00000000580eb910:   000000005cd62ed0 00000000561ef970 

Instructions: (pc=0x000000006bd3088b)
0x000000006bd3086b:   48 8b 7e 10 48 83 3c df 00 74 0e 3b d9 73 06 48
0x000000006bd3087b:   8b 3c df eb 0b 33 ff eb 07 48 8b bd 90 09 00 00
0x000000006bd3088b:   48 83 7f 18 00 75 1b 48 8b 3f 3b d9 72 0a 8b d3
0x000000006bd3089b:   48 8b ce e8 5d 38 03 00 48 8b 46 10 48 89 3c d8 


Register to memory mapping:

RAX=0x0000000000000002 is an unknown value
RBX=0x0000000000000acc is an unknown value
RCX=0x0000000000008000 is an unknown value
RDX=0x0000000000008000 is an unknown value
RSP=0x00000000580eb820 is pointing into the stack for thread: 0x00000000561f7800
RBP=0x00000000580ebd20 is pointing into the stack for thread: 0x00000000561f7800
RSI=0x00000000580ebd40 is pointing into the stack for thread: 0x00000000561f7800
RDI=0x000000025edba000 is an unknown value
R8 =0x000000005ebea890 is an unknown value
R9 =0x0000000000000000 is an unknown value
R10=0x48f3f774fcf8211f is an unknown value
R11=0x0000000000000000 is an unknown value
R12=0x00000000580eb8c8 is pointing into the stack for thread: 0x00000000561f7800
R13=0x00000000580eb938 is pointing into the stack for thread: 0x00000000561f7800
R14=0x000000005fb1c4d0 is an unknown value
R15=0x0000000000000000 is an unknown value


Stack: [0x0000000057ff0000,0x00000000580f0000],  sp=0x00000000580eb820,  free space=1006k
Native frames: (J=compiled Java code, j=interpreted, Vv=VM code, C=native code)
V  [jvm.dll+0x49088b]
V  [jvm.dll+0x492a9b]
V  [jvm.dll+0x443400]
V  [jvm.dll+0x444224]
V  [jvm.dll+0x4273d2]
V  [jvm.dll+0x8215f]
V  [jvm.dll+0x82abf]
V  [jvm.dll+0x21db7f]
V  [jvm.dll+0x26f5ba]
C  [msvcr100.dll+0x21d9f]
C  [msvcr100.dll+0x21e3b]
C  [kernel32.dll+0x1556d]
C  [ntdll.dll+0x5385d]


Current CompileTask:
C2: 197988 5427       4       java.net.URLClassLoader$1::run (5 bytes)


---------------  P R O C E S S  ---------------

Java Threads: ( => current thread )
  0x000000005cc2e000 JavaThread "Memory manager" [_thread_blocked, id=7124, stack(0x0000000060b50000,0x0000000060c50000)]
  0x000000005cc2a800 JavaThread "Cache worker for Build Output Cleanup Cache (E:\kunsh\CustomeGooglemap\.gradle\buildOutputCleanup)" [_thread_blocked, id=6300, stack(0x000000005a850000,0x000000005a950000)]
  0x000000005cc29000 JavaThread "Build operations Thread 4" [_thread_blocked, id=5696, stack(0x0000000060730000,0x0000000060830000)]
  0x000000005cc28000 JavaThread "Build operations Thread 3" [_thread_blocked, id=3936, stack(0x0000000060f10000,0x0000000061010000)]
  0x0000000058aff800 JavaThread "Build operations Thread 2" [_thread_blocked, id=4200, stack(0x0000000060d80000,0x0000000060e80000)]
  0x0000000058afe800 JavaThread "Build operations" [_thread_blocked, id=6388, stack(0x0000000060c80000,0x0000000060d80000)]
  0x0000000058afe000 JavaThread "Cache worker for execution history cache (C:\Users\windows\.gradle\caches\5.4.1\executionHistory)" [_thread_blocked, id=6452, stack(0x000000005ae00000,0x000000005af00000)]
  0x0000000058afd000 JavaThread "Cache worker for cache directory md-rule (C:\Users\windows\.gradle\caches\5.4.1\md-rule)" [_thread_blocked, id=6228, stack(0x0000000060830000,0x0000000060930000)]
  0x0000000058afc800 JavaThread "Cache worker for cache directory md-supplier (C:\Users\windows\.gradle\caches\5.4.1\md-supplier)" [_thread_blocked, id=6840, stack(0x000000005f3b0000,0x000000005f4b0000)]
  0x0000000058afb000 JavaThread "Cache worker for file hash cache (E:\kunsh\CustomeGooglemap\.gradle\5.4.1\fileHashes)" [_thread_blocked, id=4132, stack(0x000000005f0b0000,0x000000005f1b0000)]
  0x0000000058afa000 JavaThread "Thread-19" [_thread_blocked, id=3900, stack(0x000000005b050000,0x000000005b150000)]
  0x0000000058af9800 JavaThread "Stdin handler" [_thread_blocked, id=5828, stack(0x000000005af10000,0x000000005b010000)]
  0x0000000058af8800 JavaThread "Asynchronous log dispatcher for DefaultDaemonConnection: socket connection from /127.0.0.1:49767 to /127.0.0.1:49857" [_thread_blocked, id=6652, stack(0x000000005ab90000,0x000000005ac90000)]
  0x0000000058af8000 JavaThread "Daemon worker Thread 2" [_thread_in_native, id=3764, stack(0x0000000058230000,0x0000000058330000)]
  0x0000000058af7000 JavaThread "Cancel handler" [_thread_blocked, id=6036, stack(0x000000005a150000,0x000000005a250000)]
  0x0000000058af6800 JavaThread "Handler for socket connection from /127.0.0.1:49767 to /127.0.0.1:49857" [_thread_in_native, id=1660, stack(0x000000005aca0000,0x000000005ada0000)]
  0x0000000058af2800 JavaThread "Daemon Thread 2" [_thread_blocked, id=828, stack(0x000000005a550000,0x000000005a650000)]
  0x0000000058af2000 JavaThread "Cache worker for journal cache (C:\Users\windows\.gradle\caches\journal-1)" [_thread_blocked, id=3340, stack(0x000000005b580000,0x000000005b680000)]
  0x0000000058af1000 JavaThread "File lock request listener" [_thread_in_native, id=5100, stack(0x000000005a750000,0x000000005a850000)]
  0x0000000058af0800 JavaThread "Cache worker for file hash cache (C:\Users\windows\.gradle\caches\5.4.1\fileHashes)" [_thread_blocked, id=6896, stack(0x000000005b440000,0x000000005b540000)]
  0x0000000059a2a800 JavaThread "Daemon periodic checks" [_thread_blocked, id=2828, stack(0x000000005a420000,0x000000005a520000)]
  0x0000000059a1a000 JavaThread "Incoming local TCP Connector on port 49767" [_thread_in_native, id=2600, stack(0x0000000058ce0000,0x0000000058de0000)]
  0x0000000059649000 JavaThread "Daemon health stats" [_thread_blocked, id=1296, stack(0x0000000059e50000,0x0000000059f50000)]
  0x0000000057bd7800 JavaThread "Service Thread" daemon [_thread_blocked, id=6244, stack(0x0000000058360000,0x0000000058460000)]
  0x00000000561f8800 JavaThread "C1 CompilerThread2" daemon [_thread_blocked, id=2336, stack(0x0000000058130000,0x0000000058230000)]
=>0x00000000561f7800 JavaThread "C2 CompilerThread1" daemon [_thread_in_native, id=4928, stack(0x0000000057ff0000,0x00000000580f0000)]
  0x00000000561f0800 JavaThread "C2 CompilerThread0" daemon [_thread_in_native, id=4504, stack(0x0000000057500000,0x0000000057600000)]
  0x00000000561fe000 JavaThread "Attach Listener" daemon [_thread_blocked, id=6712, stack(0x0000000057a60000,0x0000000057b60000)]
  0x00000000561fc800 JavaThread "Signal Dispatcher" daemon [_thread_blocked, id=6636, stack(0x00000000578c0000,0x00000000579c0000)]
  0x00000000561d9800 JavaThread "Finalizer" daemon [_thread_blocked, id=6484, stack(0x0000000057660000,0x0000000057760000)]
  0x00000000561d2800 JavaThread "Reference Handler" daemon [_thread_blocked, id=4932, stack(0x0000000057400000,0x0000000057500000)]
  0x0000000001dee800 JavaThread "main" [_thread_blocked, id=1656, stack(0x0000000002340000,0x0000000002440000)]

Other Threads:
  0x000000005618b000 VMThread [stack: 0x00000000572e0000,0x00000000573e0000] [id=2968]
  0x0000000057b87000 WatcherThread [stack: 0x00000000577b0000,0x00000000578b0000] [id=3576]

VM state:not at safepoint (normal execution)

VM Mutex/Monitor currently owned by a thread: None

heap address: 0x00000000a0000000, size: 1536 MB, Compressed Oops mode: 32-bit
Narrow klass base: 0x0000000000000000, Narrow klass shift: 0
Compressed class space size: 1073741824 Address: 0x0000000015800000

Heap:
 PSYoungGen      total 269824K, used 53636K [0x00000000e0000000, 0x00000000f6500000, 0x0000000100000000)
  eden space 253952K, 14% used [0x00000000e0000000,0x00000000e24e4ae0,0x00000000ef800000)
  from space 15872K, 99% used [0x00000000f0d00000,0x00000000f1c7c638,0x00000000f1c80000)
  to   space 21504K, 0% used [0x00000000ef800000,0x00000000ef800000,0x00000000f0d00000)
 ParOldGen       total 68096K, used 27247K [0x00000000a0000000, 0x00000000a4280000, 0x00000000e0000000)
  object space 68096K, 40% used [0x00000000a0000000,0x00000000a1a9bdd8,0x00000000a4280000)
 Metaspace       used 55111K, capacity 56544K, committed 56664K, reserved 1097728K
  class space    used 7447K, capacity 7787K, committed 7808K, reserved 1048576K

Card table byte_map: [0x0000000011ad0000,0x0000000011de0000] byte_map_base: 0x00000000115d0000

Marking Bits: (ParMarkBitMap*) 0x000000006c069f30
 Begin Bits: [0x0000000012500000, 0x0000000013d00000)
 End Bits:   [0x0000000013d00000, 0x0000000015500000)

Polling page: 0x0000000000330000

CodeCache: size=245760Kb used=16064Kb max_used=16064Kb free=229695Kb
 bounds [0x0000000002710000, 0x00000000036d0000, 0x0000000011710000]
 total_blobs=5768 nmethods=4986 adapters=695
 compilation: enabled

Compilation events (10 events):
Event: 197.592 Thread 0x00000000561f8800 5424   !   3       java.lang.Class::desiredAssertionStatus (54 bytes)
Event: 197.593 Thread 0x00000000561f8800 nmethod 5424 0x00000000036c8f90 code [0x00000000036c91c0, 0x00000000036ca138]
Event: 197.632 Thread 0x00000000561f8800 5426       3       java.util.logging.LogManager::getProperty (9 bytes)
Event: 197.632 Thread 0x00000000561f8800 nmethod 5426 0x00000000036c6050 code [0x00000000036c61c0, 0x00000000036c63e8]
Event: 197.651 Thread 0x00000000561f7800 5427       4       java.net.URLClassLoader$1::run (5 bytes)
Event: 197.653 Thread 0x00000000561f0800 5428   !   4       java.net.URLClassLoader$1::run (63 bytes)
Event: 197.904 Thread 0x00000000561f8800 5429       3       sun.misc.ProxyGenerator$ProxyMethod::<init> (64 bytes)
Event: 197.905 Thread 0x00000000561f8800 nmethod 5429 0x00000000036ca810 code [0x00000000036ca9e0, 0x00000000036cb268]
Event: 197.918 Thread 0x00000000561f8800 5430       3       sun.misc.ProxyGenerator::collectCompatibleTypes (93 bytes)
Event: 197.919 Thread 0x00000000561f8800 nmethod 5430 0x00000000036cb6d0 code [0x00000000036cb880, 0x00000000036cbe28]

GC Heap History (10 events):
Event: 10.611 GC heap before
{Heap before GC invocations=6 (full 1):
 PSYoungGen      total 102400K, used 4084K [0x00000000e0000000, 0x00000000ed700000, 0x0000000100000000)
  eden space 98304K, 0% used [0x00000000e0000000,0x00000000e0000000,0x00000000e6000000)
  from space 4096K, 99% used [0x00000000e6000000,0x00000000e63fd040,0x00000000e6400000)
  to   space 11776K, 0% used [0x00000000ecb80000,0x00000000ecb80000,0x00000000ed700000)
 ParOldGen       total 65536K, used 12939K [0x00000000a0000000, 0x00000000a4000000, 0x00000000e0000000)
  object space 65536K, 19% used [0x00000000a0000000,0x00000000a0ca2cb0,0x00000000a4000000)
 Metaspace       used 20769K, capacity 21120K, committed 21248K, reserved 1067008K
  class space    used 2916K, capacity 3062K, committed 3072K, reserved 1048576K
Event: 10.698 GC heap after
Heap after GC invocations=6 (full 1):
 PSYoungGen      total 102400K, used 0K [0x00000000e0000000, 0x00000000ed700000, 0x0000000100000000)
  eden space 98304K, 0% used [0x00000000e0000000,0x00000000e0000000,0x00000000e6000000)
  from space 4096K, 0% used [0x00000000e6000000,0x00000000e6000000,0x00000000e6400000)
  to   space 11776K, 0% used [0x00000000ecb80000,0x00000000ecb80000,0x00000000ed700000)
 ParOldGen       total 52736K, used 13235K [0x00000000a0000000, 0x00000000a3380000, 0x00000000e0000000)
  object space 52736K, 25% used [0x00000000a0000000,0x00000000a0cecda0,0x00000000a3380000)
 Metaspace       used 20769K, capacity 21120K, committed 21248K, reserved 1067008K
  class space    used 2916K, capacity 3062K, committed 3072K, reserved 1048576K
}
Event: 143.837 GC heap before
{Heap before GC invocations=7 (full 1):
 PSYoungGen      total 102400K, used 98304K [0x00000000e0000000, 0x00000000ed700000, 0x0000000100000000)
  eden space 98304K, 100% used [0x00000000e0000000,0x00000000e6000000,0x00000000e6000000)
  from space 4096K, 0% used [0x00000000e6000000,0x00000000e6000000,0x00000000e6400000)
  to   space 11776K, 0% used [0x00000000ecb80000,0x00000000ecb80000,0x00000000ed700000)
 ParOldGen       total 52736K, used 13235K [0x00000000a0000000, 0x00000000a3380000, 0x00000000e0000000)
  object space 52736K, 25% used [0x00000000a0000000,0x00000000a0cecda0,0x00000000a3380000)
 Metaspace       used 30014K, capacity 30504K, committed 30720K, reserved 1075200K
  class space    used 4060K, capacity 4235K, committed 4352K, reserved 1048576K
Event: 144.109 GC heap after
Heap after GC invocations=7 (full 1):
 PSYoungGen      total 172032K, used 10196K [0x00000000e0000000, 0x00000000ed580000, 0x0000000100000000)
  eden space 161792K, 0% used [0x00000000e0000000,0x00000000e0000000,0x00000000e9e00000)
  from space 10240K, 99% used [0x00000000ecb80000,0x00000000ed575178,0x00000000ed580000)
  to   space 13312K, 0% used [0x00000000ebb80000,0x00000000ebb80000,0x00000000ec880000)
 ParOldGen       total 52736K, used 13243K [0x00000000a0000000, 0x00000000a3380000, 0x00000000e0000000)
  object space 52736K, 25% used [0x00000000a0000000,0x00000000a0ceeda0,0x00000000a3380000)
 Metaspace       used 30014K, capacity 30504K, committed 30720K, reserved 1075200K
  class space    used 4060K, capacity 4235K, committed 4352K, reserved 1048576K
}
Event: 161.458 GC heap before
{Heap before GC invocations=8 (full 1):
 PSYoungGen      total 172032K, used 104629K [0x00000000e0000000, 0x00000000ed580000, 0x0000000100000000)
  eden space 161792K, 58% used [0x00000000e0000000,0x00000000e5c383c0,0x00000000e9e00000)
  from space 10240K, 99% used [0x00000000ecb80000,0x00000000ed575178,0x00000000ed580000)
  to   space 13312K, 0% used [0x00000000ebb80000,0x00000000ebb80000,0x00000000ec880000)
 ParOldGen       total 52736K, used 13243K [0x00000000a0000000, 0x00000000a3380000, 0x00000000e0000000)
  object space 52736K, 25% used [0x00000000a0000000,0x00000000a0ceeda0,0x00000000a3380000)
 Metaspace       used 34753K, capacity 35370K, committed 35416K, reserved 1079296K
  class space    used 4780K, capacity 4959K, committed 4992K, reserved 1048576K
Event: 161.563 GC heap after
Heap after GC invocations=8 (full 1):
 PSYoungGen      total 205312K, used 13304K [0x00000000e0000000, 0x00000000f1c80000, 0x0000000100000000)
  eden space 192000K, 0% used [0x00000000e0000000,0x00000000e0000000,0x00000000ebb80000)
  from space 13312K, 99% used [0x00000000ebb80000,0x00000000ec87e3b0,0x00000000ec880000)
  to   space 15872K, 0% used [0x00000000f0d00000,0x00000000f0d00000,0x00000000f1c80000)
 ParOldGen       total 52736K, used 13572K [0x00000000a0000000, 0x00000000a3380000, 0x00000000e0000000)
  object space 52736K, 25% used [0x00000000a0000000,0x00000000a0d41330,0x00000000a3380000)
 Metaspace       used 34753K, capacity 35370K, committed 35416K, reserved 1079296K
  class space    used 4780K, capacity 4959K, committed 4992K, reserved 1048576K
}
Event: 161.563 GC heap before
{Heap before GC invocations=9 (full 2):
 PSYoungGen      total 205312K, used 13304K [0x00000000e0000000, 0x00000000f1c80000, 0x0000000100000000)
  eden space 192000K, 0% used [0x00000000e0000000,0x00000000e0000000,0x00000000ebb80000)
  from space 13312K, 99% used [0x00000000ebb80000,0x00000000ec87e3b0,0x00000000ec880000)
  to   space 15872K, 0% used [0x00000000f0d00000,0x00000000f0d00000,0x00000000f1c80000)
 ParOldGen       total 52736K, used 13572K [0x00000000a0000000, 0x00000000a3380000, 0x00000000e0000000)
  object space 52736K, 25% used [0x00000000a0000000,0x00000000a0d41330,0x00000000a3380000)
 Metaspace       used 34753K, capacity 35370K, committed 35416K, reserved 1079296K
  class space    used 4780K, capacity 4959K, committed 4992K, reserved 1048576K
Event: 161.825 GC heap after
Heap after GC invocations=9 (full 2):
 PSYoungGen      total 205312K, used 0K [0x00000000e0000000, 0x00000000f1c80000, 0x0000000100000000)
  eden space 192000K, 0% used [0x00000000e0000000,0x00000000e0000000,0x00000000ebb80000)
  from space 13312K, 0% used [0x00000000ebb80000,0x00000000ebb80000,0x00000000ec880000)
  to   space 15872K, 0% used [0x00000000f0d00000,0x00000000f0d00000,0x00000000f1c80000)
 ParOldGen       total 68096K, used 19695K [0x00000000a0000000, 0x00000000a4280000, 0x00000000e0000000)
  object space 68096K, 28% used [0x00000000a0000000,0x00000000a133bf98,0x00000000a4280000)
 Metaspace       used 34744K, capacity 35340K, committed 35416K, reserved 1079296K
  class space    used 4778K, capacity 4954K, committed 4992K, reserved 1048576K
}
Event: 195.779 GC heap before
{Heap before GC invocations=10 (full 2):
 PSYoungGen      total 205312K, used 192000K [0x00000000e0000000, 0x00000000f1c80000, 0x0000000100000000)
  eden space 192000K, 100% used [0x00000000e0000000,0x00000000ebb80000,0x00000000ebb80000)
  from space 13312K, 0% used [0x00000000ebb80000,0x00000000ebb80000,0x00000000ec880000)
  to   space 15872K, 0% used [0x00000000f0d00000,0x00000000f0d00000,0x00000000f1c80000)
 ParOldGen       total 68096K, used 19695K [0x00000000a0000000, 0x00000000a4280000, 0x00000000e0000000)
  object space 68096K, 28% used [0x00000000a0000000,0x00000000a133bf98,0x00000000a4280000)
 Metaspace       used 52041K, capacity 53438K, committed 53592K, reserved 1095680K
  class space    used 7039K, capacity 7438K, committed 7552K, reserved 1048576K
Event: 195.930 GC heap after
Heap after GC invocations=10 (full 2):
 PSYoungGen      total 269824K, used 15857K [0x00000000e0000000, 0x00000000f6500000, 0x0000000100000000)
  eden space 253952K, 0% used [0x00000000e0000000,0x00000000e0000000,0x00000000ef800000)
  from space 15872K, 99% used [0x00000000f0d00000,0x00000000f1c7c638,0x00000000f1c80000)
  to   space 21504K, 0% used [0x00000000ef800000,0x00000000ef800000,0x00000000f0d00000)
 ParOldGen       total 68096K, used 27247K [0x00000000a0000000, 0x00000000a4280000, 0x00000000e0000000)
  object space 68096K, 40% used [0x00000000a0000000,0x00000000a1a9bdd8,0x00000000a4280000)
 Metaspace       used 52041K, capacity 53438K, committed 53592K, reserved 1095680K
  class space    used 7039K, capacity 7438K, committed 7552K, reserved 1048576K
}

Deoptimization events (10 events):
Event: 183.709 Thread 0x0000000058af8000 Uncommon trap: reason=unstable_if action=reinterpret pc=0x00000000030fc0b0 method=java.util.LinkedHashMap.get(Ljava/lang/Object;)Ljava/lang/Object; @ 20
Event: 183.752 Thread 0x0000000058af8000 Uncommon trap: reason=unstable_if action=reinterpret pc=0x0000000002fea698 method=java.util.jar.JarFile.maybeInstantiateVerifier()V @ 4
Event: 184.283 Thread 0x0000000058af8000 Uncommon trap: reason=unstable_if action=reinterpret pc=0x00000000028de514 method=org.objectweb.asm.ByteVector.putUTF8(Ljava/lang/String;)Lorg/objectweb/asm/ByteVector; @ 93
Event: 188.724 Thread 0x0000000058af8000 Uncommon trap: reason=unstable_if action=reinterpret pc=0x000000000283fee0 method=org.gradle.internal.reflect.PropertyAccessorType.of(Ljava/lang/reflect/Method;)Lorg/gradle/internal/reflect/PropertyAccessorType; @ 56
Event: 190.536 Thread 0x0000000058af8000 Uncommon trap: reason=unstable_if action=reinterpret pc=0x00000000032e1ac4 method=org.gradle.internal.instantiation.AbstractClassGenerator$InjectionAnnotationValidator.validateMethod(Ljava/lang/reflect/Method;Lorg/gradle/internal/reflect/PropertyAccessorT
Event: 192.863 Thread 0x0000000058af8000 Uncommon trap: reason=unstable_if action=reinterpret pc=0x0000000002cafd24 method=java.lang.String.lastIndexOf([CII[CIII)I @ 17
Event: 193.333 Thread 0x0000000058af8000 Uncommon trap: reason=unstable_if action=reinterpret pc=0x0000000002c364dc method=java.util.concurrent.ConcurrentHashMap.putVal(Ljava/lang/Object;Ljava/lang/Object;Z)Ljava/lang/Object; @ 195
Event: 193.402 Thread 0x0000000058af8000 Uncommon trap: reason=unstable_if action=reinterpret pc=0x0000000002a57bf8 method=kotlin.reflect.jvm.internal.impl.protobuf.CodedInputStream.readRawVarint32()I @ 10
Event: 195.734 Thread 0x0000000058af8000 Uncommon trap: reason=unstable_if action=reinterpret pc=0x000000000301e298 method=java.io.WinNTFileSystem.normalize(Ljava/lang/String;)Ljava/lang/String; @ 74
Event: 197.022 Thread 0x0000000058af8000 Uncommon trap: reason=unstable_if action=reinterpret pc=0x00000000035de748 method=com.esotericsoftware.kryo.io.Input.readString()Ljava/lang/String; @ 38

Classes redefined (0 events):
No events

Internal exceptions (10 events):
Event: 191.419 Thread 0x0000000058af8000 Exception <a 'java/lang/NoSuchMethodError': java.lang.Object.lambda$thenComparing$36697e65$1(Ljava/util/Comparator;Ljava/lang/Object;Ljava/lang/Object;)I> (0x00000000e80145b0) thrown at [D:\src\AOSP-openjdk-cygwin\jdk8u\hotspot\src\share\vm\interpreter\li
Event: 191.422 Thread 0x0000000058af8000 Exception <a 'java/lang/NoSuchMethodError': java.lang.Object.lambda$comparing$ea9a8b3a$1(Ljava/util/Comparator;Ljava/util/function/Function;Ljava/lang/Object;Ljava/lang/Object;)I> (0x00000000e8021f98) thrown at [D:\src\AOSP-openjdk-cygwin\jdk8u\hotspot\sr
Event: 195.532 Thread 0x0000000058af8000 Exception <a 'java/lang/ClassNotFoundException': com/android/build/gradle/internal/api/ApkVariantOutputImpl_DecoratedBeanInfo> (0x00000000eb64a570) thrown at [D:\src\AOSP-openjdk-cygwin\jdk8u\hotspot\src\share\vm\classfile\systemDictionary.cpp, line 210]
Event: 195.533 Thread 0x0000000058af8000 Exception <a 'java/lang/ClassNotFoundException': com/android/build/gradle/internal/api/ApkVariantOutputImplBeanInfo> (0x00000000eb664c38) thrown at [D:\src\AOSP-openjdk-cygwin\jdk8u\hotspot\src\share\vm\classfile\systemDictionary.cpp, line 210]
Event: 195.533 Thread 0x0000000058af8000 Exception <a 'java/lang/ClassNotFoundException': com/android/build/gradle/internal/api/BaseVariantOutputImplBeanInfo> (0x00000000eb6802f8) thrown at [D:\src\AOSP-openjdk-cygwin\jdk8u\hotspot\src\share\vm\classfile\systemDictionary.cpp, line 210]
Event: 195.534 Thread 0x0000000058af8000 Exception <a 'java/lang/ClassNotFoundException': com/android/build/gradle/internal/api/BaseVariantOutputImplCustomizer> (0x00000000eb69be68) thrown at [D:\src\AOSP-openjdk-cygwin\jdk8u\hotspot\src\share\vm\classfile\systemDictionary.cpp, line 210]
Event: 195.536 Thread 0x0000000058af8000 Exception <a 'java/lang/ClassNotFoundException': com/android/build/gradle/internal/api/ApkVariantOutputImplCustomizer> (0x00000000eb6d1918) thrown at [D:\src\AOSP-openjdk-cygwin\jdk8u\hotspot\src\share\vm\classfile\systemDictionary.cpp, line 210]
Event: 195.538 Thread 0x0000000058af8000 Exception <a 'java/lang/ClassNotFoundException': com/android/build/gradle/internal/api/ApkVariantOutputImpl_DecoratedCustomizer> (0x00000000eb702470) thrown at [D:\src\AOSP-openjdk-cygwin\jdk8u\hotspot\src\share\vm\classfile\systemDictionary.cpp, line 210
Event: 197.524 Thread 0x0000000058af8000 Exception <a 'java/lang/ClassNotFoundException': com/sun/org/glassfish/hk2/osgiresourcelocator/ServiceLoader> (0x00000000e1851ab0) thrown at [D:\src\AOSP-openjdk-cygwin\jdk8u\hotspot\src\share\vm\classfile\systemDictionary.cpp, line 210]
Event: 197.631 Thread 0x0000000058af8000 Exception <a 'java/lang/NullPointerException'> (0x00000000e1d1fc40) thrown at [D:\src\AOSP-openjdk-cygwin\jdk8u\hotspot\src\share\vm\interpreter\linkResolver.cpp, line 1287]

Events (10 events):
Event: 197.921 loading class javax/xml/bind/annotation/XmlAccessType
Event: 197.921 loading class javax/xml/bind/annotation/XmlAccessType done
Event: 197.923 loading class javax/xml/bind/annotation/XmlType$DEFAULT
Event: 197.923 loading class javax/xml/bind/annotation/XmlType$DEFAULT done
Event: 197.926 loading class com/sun/xml/bind/v2/model/impl/ClassInfoImpl$ConflictException
Event: 197.926 loading class com/sun/xml/bind/v2/model/impl/ClassInfoImpl$ConflictException done
Event: 197.927 loading class com/sun/xml/bind/v2/model/impl/ClassInfoImpl$DuplicateException
Event: 197.927 loading class com/sun/xml/bind/v2/model/impl/ClassInfoImpl$DuplicateException done
Event: 197.929 loading class com/sun/xml/bind/v2/model/impl/PropertySeed
Event: 197.929 loading class com/sun/xml/bind/v2/model/impl/PropertySeed done


Dynamic libraries:
0x000000013fb50000 - 0x000000013fb81000 	E:\Android_installation\jre\bin\java.exe
0x00000000778c0000 - 0x0000000077a5f000 	C:\Windows\SYSTEM32\ntdll.dll
0x00000000776a0000 - 0x00000000777bf000 	C:\Windows\system32\kernel32.dll
0x000007fefd740000 - 0x000007fefd7a7000 	C:\Windows\system32\KERNELBASE.dll
0x000007fefe020000 - 0x000007fefe0fb000 	C:\Windows\system32\ADVAPI32.dll
0x000007fefd7d0000 - 0x000007fefd86f000 	C:\Windows\system32\msvcrt.dll
0x000007fefe310000 - 0x000007fefe32f000 	C:\Windows\SYSTEM32\sechost.dll
0x000007fefe580000 - 0x000007fefe6ac000 	C:\Windows\system32\RPCRT4.dll
0x00000000777c0000 - 0x00000000778ba000 	C:\Windows\system32\USER32.dll
0x000007fefe330000 - 0x000007fefe397000 	C:\Windows\system32\GDI32.dll
0x000007fefe1a0000 - 0x000007fefe1ae000 	C:\Windows\system32\LPK.dll
0x000007feff7b0000 - 0x000007feff87b000 	C:\Windows\system32\USP10.dll
0x000007fefb930000 - 0x000007fefbb25000 	C:\Windows\WinSxS\amd64_microsoft.windows.common-controls_6595b64144ccf1df_6.0.7601.24483_none_e372d88f30fbb845\COMCTL32.dll
0x000007fefe1c0000 - 0x000007fefe231000 	C:\Windows\system32\SHLWAPI.dll
0x000007feff8a0000 - 0x000007feff8ce000 	C:\Windows\system32\IMM32.DLL
0x000007fefdeb0000 - 0x000007fefdfbb000 	C:\Windows\system32\MSCTF.dll
0x0000000070fd0000 - 0x00000000710a2000 	E:\Android_installation\jre\jre\bin\msvcr100.dll
0x000000006b8a0000 - 0x000000006c0e6000 	E:\Android_installation\jre\jre\bin\server\jvm.dll
0x000007fef8d50000 - 0x000007fef8d59000 	C:\Windows\system32\WSOCK32.dll
0x000007fefe2c0000 - 0x000007fefe30d000 	C:\Windows\system32\WS2_32.dll
0x000007fefe1b0000 - 0x000007fefe1b8000 	C:\Windows\system32\NSI.dll
0x000007fefbb30000 - 0x000007fefbb6b000 	C:\Windows\system32\WINMM.dll
0x000007fefc470000 - 0x000007fefc47c000 	C:\Windows\system32\VERSION.dll
0x0000000077a70000 - 0x0000000077a77000 	C:\Windows\system32\PSAPI.DLL
0x000007fef9d60000 - 0x000007fef9d6f000 	E:\Android_installation\jre\jre\bin\verify.dll
0x000007fef7880000 - 0x000007fef78a9000 	E:\Android_installation\jre\jre\bin\java.dll
0x000007fef7860000 - 0x000007fef7876000 	E:\Android_installation\jre\jre\bin\zip.dll
0x000007fefe6b0000 - 0x000007feff43b000 	C:\Windows\system32\SHELL32.dll
0x000007feff9b0000 - 0x000007feffbaf000 	C:\Windows\system32\ole32.dll
0x000007fefd410000 - 0x000007fefd41f000 	C:\Windows\system32\profapi.dll
0x000007fef7840000 - 0x000007fef785a000 	E:\Android_installation\jre\jre\bin\net.dll
0x000007fefcb90000 - 0x000007fefcbe5000 	C:\Windows\system32\mswsock.dll
0x000007fefcb80000 - 0x000007fefcb87000 	C:\Windows\System32\wship6.dll
0x000007fef7820000 - 0x000007fef7831000 	E:\Android_installation\jre\jre\bin\nio.dll
0x000007fef3cd0000 - 0x000007fef3cf6000 	C:\Users\windows\.gradle\native\29\windows-amd64\native-platform.dll
0x000007fef5cd0000 - 0x000007fef5cd3000 	C:\Windows\system32\api-ms-win-core-synch-l1-2-0.DLL
0x000007fef9d40000 - 0x000007fef9d4d000 	E:\Android_installation\jre\jre\bin\management.dll
0x000007fefcbf0000 - 0x000007fefcc08000 	C:\Windows\system32\CRYPTSP.dll
0x000007fefc8f0000 - 0x000007fefc937000 	C:\Windows\system32\rsaenh.dll
0x000007fefd470000 - 0x000007fefd48f000 	C:\Windows\system32\USERENV.dll
0x000007fefd2b0000 - 0x000007fefd2bf000 	C:\Windows\system32\CRYPTBASE.dll
0x000007fefa810000 - 0x000007fefa837000 	C:\Windows\system32\IPHLPAPI.DLL
0x000007fefa800000 - 0x000007fefa80b000 	C:\Windows\system32\WINNSI.DLL
0x000007fefa2c0000 - 0x000007fefa2d8000 	C:\Windows\system32\dhcpcsvc.DLL
0x000007fefa2a0000 - 0x000007fefa2b1000 	C:\Windows\system32\dhcpcsvc6.DLL
0x000007fef5ae0000 - 0x000007fef5c05000 	C:\Windows\system32\dbghelp.dll

VM Arguments:
jvm_args: -Xmx1536m -Dfile.encoding=windows-1252 -Duser.country=US -Duser.language=en -Duser.variant 
java_command: org.gradle.launcher.daemon.bootstrap.GradleDaemon 5.4.1
java_class_path (initial): C:\Users\windows\.gradle\wrapper\dists\gradle-5.4.1-all\3221gyojl5jsh0helicew7rwx\gradle-5.4.1\lib\gradle-launcher-5.4.1.jar
Launcher Type: SUN_STANDARD

Environment Variables:
JAVA_HOME=C:\Program Files\Java\jdk1.8.0_221\bin
PATH=C:\Program Files (x86)\Common Files\Oracle\Java\javapath;C:\Windows\system32;C:\Windows;C:\Windows\System32\Wbem;C:\Windows\System32\WindowsPowerShell\v1.0\;C:\Program Files\Intel\WiFi\bin\;C:\Program Files\Common Files\Intel\WirelessCommon\;C:\Program Files\Git\cmd;C:\Program Files\Intel\WiFi\bin\;C:\Program Files\Common Files\Intel\WirelessCommon\
USERNAME=windows
OS=Windows_NT
PROCESSOR_IDENTIFIER=Intel64 Family 6 Model 42 Stepping 7, GenuineIntel



---------------  S Y S T E M  ---------------

OS: Windows 7 , 64 bit Build 7601 (6.1.7601.24511)

CPU:total 4 (initial active 4) (2 cores per cpu, 2 threads per core) family 6 model 42 stepping 7, cmov, cx8, fxsr, mmx, sse, sse2, sse3, ssse3, sse4.1, sse4.2, popcnt, avx, clmul, ht, tsc, tscinvbit

Memory: 4k page, physical 6196408k(2000404k free), swap 12390916k(7923664k free)

vm_info: OpenJDK 64-Bit Server VM (25.202-b03) for windows-amd64 JRE (1.8.0_202-release-1483-b03), built by "builder" with MS VC++ 10.0 (VS2010)

time: Thu Nov 28 16:24:27 2019
timezone: Pakistan Standard Time
elapsed time: 197 seconds (0d 0h 3m 17s)

